<?xml version="1.0" encoding="UTF-8"?>
<!-- Generated by org.testng.reporters.JUnitReportReporter -->
<testsuite skipped="0" hostname="DESKTOP-P3N9CRK" name="Gmail.Login" tests="1" failures="0" timestamp="24 Aug 2021 17:44:12 GMT" time="12.091" errors="0">
  <testcase name="gmaillogin" time="12.091" classname="Gmail.Login"/>
</testsuite> <!-- Gmail.Login -->
