<?xml version="1.0" encoding="UTF-8"?>
<!-- Generated by org.testng.reporters.JUnitReportReporter -->
<testsuite skipped="0" hostname="DESKTOP-P3N9CRK" name="Pages.BookingConfirmation" tests="1" failures="0" timestamp="24 Aug 2021 16:44:46 GMT" time="21.432" errors="0">
  <testcase name="test1" time="21.432" classname="Pages.BookingConfirmation"/>
</testsuite> <!-- Pages.BookingConfirmation -->
